Linea: 7−5−5−1*018989*20*UCMA*IZL033*HUPALinea: 7−6−7−1*1539*10*H5AA*IZL034*HUPALinea: 7−5−5−1*018989*20*UCMA*IZL033*HUPA
Linea: 3−7−2−1*981*200*PEND*IZL073*HUPA
Linea: 2−4−1−1*012404*10*HNEO*IZL055*HUPA
Linea: 3−7−2−1*981*200*PEND*IZL073*HUPA
Linea: 7−5−5−1*018989*20*UCMA*IZL033*HUPA
Linea: 7−5−5−1*018989*20*UCMA*IZL033*HUPA
Linea: 2−8−5−1*809*25*HNEO*IZL055*HUPA
Linea: 010304
Linea: 3−7−2−1*981*200*PEND*IZL073*HUPA
Linea: 3−7−2−1*981*200*PEND*IZL073*HUPA
Linea: 7−5−5−1*018989*20*UCMA*IZL033*HUPA
Linea: 7−5−5−1*018989*20*UCMA*IZL033*HUPA

Linea: 9−6−7−1*010648*10*H5AA*IZL034*HUPA
Linea: 8−9−1−1*031480*5*H5AA*IZL034*HUPA
Linea: 7−6−1−1*1421*5*H5AA*IZL034*HUPA
Linea: 6−10−5−1*1325*10*H5AA*IZL034*HUPA
Linea: 6−8−5−1*6209*2*H5AA*IZL034*HUPA
Linea: 7−6−7−1*1539*10*H5AA*IZL034*HUPA
Linea: 8−5−1−1*1214*200*UCMA*IZL033*HUPA
Linea: 7−6−2−1*023381*10*UCMA*IZL033*HUPA
Linea: 7−6−1−1*023381*10*UCMA*IZL033*HUPA
Linea: 4−7−3−1*802*20*PEND*IZL073*HUPA
Linea: 7−1−1−1*1046*10*UCMA*IZL033*HUPA
Linea: 7−5−5−1*018989*20*UCMA*IZL033*HUPA
Linea: 3−7−2−1*981*200*PEND*IZL073*HUPA
Linea: 3−7−1−1*981*200*PEND*IZL073*HUPA
Linea: 2−8−6−1*809*25*HNEO*IZL055*HUPA
Linea: 2−4−2−1*012404*10*HNEO*IZL055*HUPA
Linea: 2−8−3−1*636*25*HNEO*IZL055*HUPA
Linea: 2−8−5−1*809*25*HNEO*IZL055*HUPA
Linea: 2−4−1−1*012404*10*HNEO*IZL055*HUPA
Linea: 1−4−2−1*4845*2*HNEO*IZL055*HUPA
Linea: 1−4−1−1*4845*2*HNEO*IZL055*HUPA


Linea: 2-4-2-1
Linea: 
Linea: 2-4-2-1
Linea: 1-4-1-1
Linea: 7-6-1-1
Linea: <generator object get_typed_strings at 0x0000013DB5718F90>
Linea: <generator object get_typed_strings at 0x0000013DB57454A0>
Linea: <generator object get_typed_strings at 0x0000013DB5745660>
Linea: <generator object get_typed_strings at 0x0000026B667F8F90>
Linea: 
Linea: 
Linea: 
Linea: 
Linea: 2-4-2-1*012404*10*HNEO*IZL055*HUPA
Linea: 2-4-2-1*012404*10*HNEO*IZL055*HUPA7-6-1-1*023381*10*UCMA*IZL033*HUPA
Linea: 2-4-2-1*012404*10*HNEO*IZL055*HUPA7-6-1-1*023381*10*UCMA*IZL033*HUPA1-4-1-1*4845*2*HNEO*IZL055*HUPA
Linea: 2-4-2-1*012404*10*HNEO*IZL055*HUPA7-6-1-1*023381*10*UCMA*IZL033*HUPA1-4-1-1*4845*2*HNEO*IZL055*HUPA2-8-6-1*809*25*HNEO*IZL055*HUPA
Linea: 7-6-1-1*023381*10*UCMA*IZL033*HUPA
Linea: 8-5-1-1*1214*200*UCMA*IZL033*HUPA
Linea: 7-6-7-1*1539*10*H5AA*IZL034*HUPA
Linea: 8-9-1-1*031480*5*H5AA*IZL034*HUPA
Linea: 1-4-1-1*4845*2*HNEO*IZL055*HUPA
Linea: 1-4-1-1*4845*2*HNEO*IZL055*HUPA
Linea: 1-4-1-1*4845*2*HNEO*IZL055*HUPA
Linea: 8-9-1-1*031480*5*H5AA*IZL034*HUPA
Linea: 7-6-1-1*1421*5*H5AA*IZL034*HUPA
Linea: 6-10-5-1*1325*10*H5AA*IZL034*HUPA
Linea: 6-10-5-1*1325*10*H5AA*IZL034*HUPA
Linea: 010304
Linea: 192.168.1.22:8081
Linea: /df
Linea: #sdg
Linea: ert
Linea: 546456456
Linea: 1-4-1-1*4845*2*HNEO*IZL055*HUPA
Linea: 2-4-2-1*012404*10*HNEO*IZL055*HUPA
Linea: 4-7-3-1*802*20*PEND*IZL073*HUPA
Linea: 4-7-3-1*802*20*PEND*IZL073*HUPA
Linea: 2-4-2-1*012404*10*HNEO*IZL055*HUPA
Linea: 2-4-1-1*012404*10*HNEO*IZL055*HUPA
Linea: 2-8-5-1*809*25*HNEO*IZL055*HUPA
Linea: 3-7-2-1*981*200*PEND*IZL073*HUPA
Linea: 7-5-5-1*018989*20*UCMA*IZL033*HUPA
Linea: 8-5-1-1*1214*200*UCMA*IZL033*HUPA
Linea: 7-6-7-1*1539*10*H5AA*IZL034*HUPA
Linea: 9-6-7-1*010648*10*H5AA*IZL034*HUPA
Linea: 8-9-1-1*031480*5*H5AA*IZL034*HUPA
Linea: 209*2*H5AA*IZL034*HUPA
Linea: 7-6-2-1*023381*10*UCMA*IZL033*HUPA
Linea: -1-1*1046*10*UCMA*IZL033*HUPA
Linea: 3-7-1-1*981*200*PEND*IZL073*HUPA
Linea: 2-8-3-1*636*25*HNEO*IZL055*HUPA
Linea: -4-2-1*4845*2*HNEO*IZL055*HUPA
Linea: 1-4-1-1*4845*2*HNEO*IZL055*HUPA
Linea: 2-4-2-1*012404*10*HNEO*IZL055*HUPA
Linea: 2-8-6-1*809*25*HNEO*IZL055*HUPA
Linea: -7-3-1*802*20*PEND*IZL073*HUPA
Linea: 7-6-1-1*023381*10*UCMA*IZL033*HUPA
Linea: 6-10-5-1*1325*10*H5AA*IZL034*HUPA
Linea: 7-6-1-1*1421*5*H5AA*IZL034*HUPA
Linea: 1-4-1-1*4845*2*HNEO*IZL055*HUPA
Linea: 1-4-2-1*4845*2*HNEO*IZL055*HUPA
Linea: 7-6-2-1*023381*10*UCMA*IZL033*HUPA
Linea: 7-1-1-1*1046*10*UCMA*IZL033*HUPA
Linea: 010304
Linea: 7-6-1-1*1421*5*H5AA*IZL034*HUPA
Linea: 6-10-5-1*1325*10*H5AA*IZL034*HUPA
Linea: 7-6-1-1*023381*10*UCMA*IZL033*HUPA
Linea: 4-7-3-1*802*20*PEND*IZL073*HUPA
Linea: 2-8-6-1*809*25*HNEO*IZL055*HUPA
Linea: 2-4-2-1*012404*10*HNEO*IZL055*HUPA
Linea: 1-4-1-1*4845*2*HNEO*IZL055*HUPA
Linea: 8-9-1-1*031480*5*H5AA*IZL034*HUPA
Linea: 6-8-5-1*6209*2*H5AA*IZL034*HUPA
Linea: 7-6-2-1*023381*10*UCMA*IZL033*HUPA
Linea: 7-1-1-1*1046*10*UCMA*IZL033*HUPA
Linea: 3-7-1-1*981*200*PEND*IZL073*HUPA
Linea: 2-8-3-1*636*25*HNEO*IZL055*HUPA
Linea: 1-4-2-1*4845*2*HNEO*IZL055*HUPA
Linea: 2-4-1-1*012404*10*HNEO*IZL055*HUPA
Linea: 2-8-5-1*809*25*HNEO*IZL055*HUPA
Linea: 3-7-2-1*981*200*PEND*IZL073*HUPA
Linea: 7-5-5-1*018989*20*UCMA*IZL033*HUPA
Linea: 8-5-1-1*1214*200*UCMA*IZL033*HUPA
Linea: 7-6-7-1*1539*10*H5AA*IZL034*HUPA
Linea: 9-6-7-1*010648*10*H5AA*IZL034*HUPA
Linea: 6-10-5-1*1325*10*H5AA*IZL034*HUPA
Linea: 7-6-1-1*023381*10*UCMA*IZL033*HUPA
Linea: 3-7-2-1*981*200*PEND*IZL073*HUPA
Linea: 7-5-5-1*018989*20*UCMA*IZL033*HUPA
Linea: 8-5-1-1*1214*200*UCMA*IZL033*HUPA
Linea: 7-6-7-1*1539*10*H5AA*IZL034*HUPA
Linea: 9-6-7-1*010648*10*H5AA*IZL034*HUPA
Linea: 8-9-1-1*031480*5*H5AA*IZL034*HUPA
Linea: 6-8-5-1*6209*2*H5AA*IZL034*HUPA
Linea: 7-6-2-1*023381*10*UCMA*IZL033*HUPA
Linea: 7-1-1-1*1046*10*UCMA*IZL033*HUPA
Linea: 2-8-6-1*809*25*HNEO*IZL055*HUPA
Linea: 010304
Linea: 
Linea: 
